0 info it worked if it ends with ok
1 verbose cli [ '/Users/academiacodigo/.nvm/versions/node/v4.4.1/bin/node',
1 verbose cli   '/Users/academiacodigo/.nvm/versions/node/v4.4.1/bin/npm',
1 verbose cli   'install',
1 verbose cli   'git-it',
1 verbose cli   '-g' ]
2 info using npm@2.14.20
3 info using node@v4.4.1
4 verbose install initial load of /Users/academiacodigo/.nvm/versions/node/v4.4.1/lib/package.json
5 verbose readDependencies loading dependencies from /Users/academiacodigo/.nvm/versions/node/v4.4.1/lib/package.json
6 silly cache add args [ 'git-it', null ]
7 verbose cache add spec git-it
8 silly cache add parsed spec Result {
8 silly cache add   raw: 'git-it',
8 silly cache add   scope: null,
8 silly cache add   name: 'git-it',
8 silly cache add   rawSpec: '',
8 silly cache add   spec: 'latest',
8 silly cache add   type: 'tag' }
9 silly addNamed git-it@latest
10 verbose addNamed "latest" is being treated as a dist-tag for git-it
11 info addNameTag [ 'git-it', 'latest' ]
12 silly mapToRegistry name git-it
13 silly mapToRegistry using default registry
14 silly mapToRegistry registry https://registry.npmjs.org/
15 silly mapToRegistry uri https://registry.npmjs.org/git-it
16 verbose addNameTag registry:https://registry.npmjs.org/git-it not in flight; fetching
17 verbose request uri https://registry.npmjs.org/git-it
18 verbose request no auth needed
19 info attempt registry request try #1 at 4:15:15 PM
20 verbose request id 1429a2db19982954
21 verbose etag W/"55fce8f3-9b30"
22 verbose lastModified Sat, 19 Sep 2015 04:47:47 GMT
23 http request GET https://registry.npmjs.org/git-it
24 http 304 https://registry.npmjs.org/git-it
25 verbose headers { date: 'Tue, 17 Jan 2017 16:15:26 GMT',
25 verbose headers   via: '1.1 varnish',
25 verbose headers   'cache-control': 'max-age=300',
25 verbose headers   etag: 'W/"55fce8f3-9b30"',
25 verbose headers   age: '253',
25 verbose headers   connection: 'keep-alive',
25 verbose headers   'x-served-by': 'cache-hhn1542-HHN',
25 verbose headers   'x-cache': 'HIT',
25 verbose headers   'x-cache-hits': '4',
25 verbose headers   'x-timer': 'S1484669726.286721,VS0,VE0',
25 verbose headers   vary: 'Accept-Encoding' }
26 silly get cb [ 304,
26 silly get   { date: 'Tue, 17 Jan 2017 16:15:26 GMT',
26 silly get     via: '1.1 varnish',
26 silly get     'cache-control': 'max-age=300',
26 silly get     etag: 'W/"55fce8f3-9b30"',
26 silly get     age: '253',
26 silly get     connection: 'keep-alive',
26 silly get     'x-served-by': 'cache-hhn1542-HHN',
26 silly get     'x-cache': 'HIT',
26 silly get     'x-cache-hits': '4',
26 silly get     'x-timer': 'S1484669726.286721,VS0,VE0',
26 silly get     vary: 'Accept-Encoding' } ]
27 verbose etag https://registry.npmjs.org/git-it from cache
28 verbose get saving git-it to /Users/codecadet/.npm/registry.npmjs.org/git-it/.cache.json
29 verbose correctMkdir /Users/codecadet/.npm correctMkdir not in flight; initializing
30 silly addNameTag next cb for git-it with tag latest
31 silly addNamed git-it@1.6.9
32 verbose addNamed "1.6.9" is a plain semver version for git-it
33 silly cache afterAdd git-it@1.6.9
34 verbose afterAdd /Users/codecadet/.npm/git-it/1.6.9/package/package.json not in flight; writing
35 verbose correctMkdir /Users/codecadet/.npm correctMkdir not in flight; initializing
36 verbose afterAdd /Users/codecadet/.npm/git-it/1.6.9/package/package.json written
37 silly install resolved [ { name: 'git-it',
37 silly install resolved     version: '1.6.9',
37 silly install resolved     description: 'Terminal app for learning Git and GitHub',
37 silly install resolved     main: 'index.js',
37 silly install resolved     bin: { 'git-it': './git-it.js' },
37 silly install resolved     scripts:
37 silly install resolved      { build: 'node guide/buildpages.js && node guide/buildpages.js zhtw',
37 silly install resolved        'build-english': 'node guide/buildpages.js',
37 silly install resolved        'build-zhtw': 'node guide/buildpages.js zhtw',
37 silly install resolved        'copy-guide': 'cp -r ./guide ./.guide',
37 silly install resolved        'git-co': 'git checkout gh-pages && git reset --hard origin/gh-pages',
37 silly install resolved        'paste-guide': 'cp -r ./.guide/* .. && rm -rf ./.guide',
37 silly install resolved        'git-stage': 'npm run copy-guide && npm run git-co && npm run paste-guide',
37 silly install resolved        'git-commit': 'git add -A . && git commit -a -m \'gh-pages update\'',
37 silly install resolved        'git-push': 'git push origin gh-pages --force && git checkout master',
37 silly install resolved        deploy: 'npm run git-stage && npm run git-commit && npm run git-push' },
37 silly install resolved     repository: { type: 'git', url: 'git+https://github.com/jlord/git-it.git' },
37 silly install resolved     author: { name: 'Jessica Lord' },
37 silly install resolved     license: 'BSD-2-Clause',
37 silly install resolved     bugs: { url: 'https://github.com/jlord/git-it/issues' },
37 silly install resolved     dependencies:
37 silly install resolved      { 'concat-stream': '~1.2.1',
37 silly install resolved        ecstatic: '^0.5.4',
37 silly install resolved        'github-oauth': '0.0.4',
37 silly install resolved        glob: '^3.2.11',
37 silly install resolved        handlebars: '^2.0.0-alpha.4',
37 silly install resolved        marked: '^0.3.2',
37 silly install resolved        request: '~2.30.0',
37 silly install resolved        'workshopper-jlord': '^0.0.6',
37 silly install resolved        cheerio: '~0.17.0' },
37 silly install resolved     gitHead: 'a5995175dc9db2fe53e20981d981b218c7791b0c',
37 silly install resolved     homepage: 'https://github.com/jlord/git-it#readme',
37 silly install resolved     _id: 'git-it@1.6.9',
37 silly install resolved     _shasum: 'bc734ced83adc1c8a7d4f22298bc84578bfb71a6',
37 silly install resolved     _from: 'git-it@latest',
37 silly install resolved     _npmVersion: '2.10.1',
37 silly install resolved     _nodeVersion: '0.12.4',
37 silly install resolved     _npmUser: { name: 'jlord', email: 'to.jlord@gmail.com' },
37 silly install resolved     maintainers: [ [Object] ],
37 silly install resolved     dist:
37 silly install resolved      { shasum: 'bc734ced83adc1c8a7d4f22298bc84578bfb71a6',
37 silly install resolved        tarball: 'https://registry.npmjs.org/git-it/-/git-it-1.6.9.tgz' },
37 silly install resolved     directories: {},
37 silly install resolved     _resolved: 'https://registry.npmjs.org/git-it/-/git-it-1.6.9.tgz',
37 silly install resolved     readme: 'ERROR: No README data found!' } ]
38 info install git-it@1.6.9 into /Users/academiacodigo/.nvm/versions/node/v4.4.1/lib
39 info installOne git-it@1.6.9
40 verbose installOne of git-it to /Users/academiacodigo/.nvm/versions/node/v4.4.1/lib not in flight; installing
41 verbose correctMkdir /Users/codecadet/.npm/_locks correctMkdir not in flight; initializing
42 verbose lock using /Users/codecadet/.npm/_locks/git-it-edf0beab5107e0f0.lock for /Users/academiacodigo/.nvm/versions/node/v4.4.1/lib/node_modules/git-it
43 silly install write writing git-it 1.6.9 to /Users/academiacodigo/.nvm/versions/node/v4.4.1/lib/node_modules/git-it
44 verbose unbuild lib/node_modules/git-it
45 silly gentlyRm /Users/academiacodigo/.nvm/versions/node/v4.4.1/lib/node_modules/git-it is being purged from base /Users/academiacodigo/.nvm/versions/node/v4.4.1
46 verbose gentlyRm don't care about contents; nuking /Users/academiacodigo/.nvm/versions/node/v4.4.1/lib/node_modules/git-it
47 verbose tar unpack /Users/codecadet/.npm/git-it/1.6.9/package.tgz
48 verbose tar unpacking to /Users/academiacodigo/.nvm/versions/node/v4.4.1/lib/node_modules/git-it
49 silly gentlyRm /Users/academiacodigo/.nvm/versions/node/v4.4.1/lib/node_modules/git-it is being purged
50 verbose gentlyRm don't care about contents; nuking /Users/academiacodigo/.nvm/versions/node/v4.4.1/lib/node_modules/git-it
51 silly gunzTarPerm modes [ '755', '644' ]
52 error tar.unpack untar error /Users/codecadet/.npm/git-it/1.6.9/package.tgz
53 verbose unlock done using /Users/codecadet/.npm/_locks/git-it-edf0beab5107e0f0.lock for /Users/academiacodigo/.nvm/versions/node/v4.4.1/lib/node_modules/git-it
54 verbose fstream_path /Users/academiacodigo/.nvm/versions/node/v4.4.1/lib/node_modules/git-it
55 verbose fstream_type Directory
56 verbose fstream_class DirWriter
57 verbose stack Error: EACCES: permission denied, mkdir '/Users/academiacodigo/.nvm/versions/node/v4.4.1/lib/node_modules/git-it'
57 verbose stack     at Error (native)
58 verbose fstream_stack /Users/academiacodigo/.nvm/versions/node/v4.4.1/lib/node_modules/npm/node_modules/fstream/lib/dir-writer.js:35:25
58 verbose fstream_stack /Users/academiacodigo/.nvm/versions/node/v4.4.1/lib/node_modules/npm/node_modules/mkdirp/index.js:47:53
58 verbose fstream_stack FSReqWrap.oncomplete (fs.js:82:15)
59 verbose cwd /Users/codecadet/projects/myrepo/myProject/myrepoo
60 error Darwin 15.6.0
61 error argv "/Users/academiacodigo/.nvm/versions/node/v4.4.1/bin/node" "/Users/academiacodigo/.nvm/versions/node/v4.4.1/bin/npm" "install" "git-it" "-g"
62 error node v4.4.1
63 error npm  v2.14.20
64 error path /Users/academiacodigo/.nvm/versions/node/v4.4.1/lib/node_modules/git-it
65 error code EACCES
66 error errno -13
67 error syscall mkdir
68 error Error: EACCES: permission denied, mkdir '/Users/academiacodigo/.nvm/versions/node/v4.4.1/lib/node_modules/git-it'
68 error     at Error (native)
68 error  { [Error: EACCES: permission denied, mkdir '/Users/academiacodigo/.nvm/versions/node/v4.4.1/lib/node_modules/git-it']
68 error   errno: -13,
68 error   code: 'EACCES',
68 error   syscall: 'mkdir',
68 error   path: '/Users/academiacodigo/.nvm/versions/node/v4.4.1/lib/node_modules/git-it',
68 error   fstream_type: 'Directory',
68 error   fstream_path: '/Users/academiacodigo/.nvm/versions/node/v4.4.1/lib/node_modules/git-it',
68 error   fstream_class: 'DirWriter',
68 error   fstream_stack:
68 error    [ '/Users/academiacodigo/.nvm/versions/node/v4.4.1/lib/node_modules/npm/node_modules/fstream/lib/dir-writer.js:35:25',
68 error      '/Users/academiacodigo/.nvm/versions/node/v4.4.1/lib/node_modules/npm/node_modules/mkdirp/index.js:47:53',
68 error      'FSReqWrap.oncomplete (fs.js:82:15)' ] }
69 error Please try running this command again as root/Administrator.
70 verbose exit [ -13, true ]
71 verbose unbuild lib/node_modules/git-it
72 silly gentlyRm /Users/academiacodigo/.nvm/versions/node/v4.4.1/lib/node_modules/git-it is being purged from base /Users/academiacodigo/.nvm/versions/node/v4.4.1
73 verbose gentlyRm don't care about contents; nuking /Users/academiacodigo/.nvm/versions/node/v4.4.1/lib/node_modules/git-it
